   Compiling proc-macro2 v1.0.103
   Compiling quote v1.0.41
   Compiling unicode-ident v1.0.22
   Compiling serde_core v1.0.228
   Compiling serde v1.0.228
   Compiling windows-link v0.2.1
   Compiling cfg-if v1.0.4
   Compiling stable_deref_trait v1.2.1
   Compiling autocfg v1.5.0
   Compiling windows_x86_64_msvc v0.48.5
   Compiling log v0.4.28
   Compiling smallvec v1.15.1
   Compiling once_cell v1.21.3
   Compiling siphasher v1.0.1
   Compiling unicase v2.8.1
   Compiling windows_x86_64_msvc v0.53.1
   Compiling khronos_api v3.1.0
   Compiling cfg_aliases v0.1.1
   Compiling version_check v0.9.5
   Compiling zerocopy v0.8.27
   Compiling phf_shared v0.11.3
   Compiling memchr v2.7.6
   Compiling writeable v0.6.2
   Compiling windows-link v0.1.3
   Compiling bitflags v2.10.0
   Compiling xml-rs v0.8.28
   Compiling parking_lot_core v0.9.12
   Compiling num-traits v0.2.19
   Compiling windows-targets v0.53.5
   Compiling litemap v0.8.1
   Compiling ahash v0.8.12
   Compiling phf v0.11.3
   Compiling icu_properties_data v2.1.1
   Compiling windows-targets v0.48.5
   Compiling windows-sys v0.60.2
   Compiling scopeguard v1.2.0
   Compiling syn v1.0.109
   Compiling windows-sys v0.48.0
   Compiling icu_normalizer_data v2.1.1
   Compiling lock_api v0.4.14
   Compiling ttf-parser v0.25.1
   Compiling windows_x86_64_msvc v0.52.6
   Compiling regex-syntax v0.8.8
   Compiling rand_core v0.6.4
   Compiling rand v0.8.5
   Compiling parking_lot v0.12.5
   Compiling gl_generator v0.14.0
   Compiling windows-strings v0.4.2
   Compiling windows-result v0.3.4
   Compiling simd-adler32 v0.3.7
   Compiling syn v2.0.109
   Compiling ab_glyph_rasterizer v0.1.10
   Compiling crc32fast v1.5.0
   Compiling phf_generator v0.11.3
   Compiling winit v0.29.15
   Compiling regex-automata v0.4.13
   Compiling raw-window-handle v0.5.2
   Compiling raw-window-handle v0.6.2
   Compiling adler2 v2.0.1
   Compiling paste v1.0.15
   Compiling nohash-hasher v0.2.0
   Compiling windows-targets v0.52.6
   Compiling miniz_oxide v0.8.9
   Compiling phf_codegen v0.11.3
   Compiling glutin_egl_sys v0.6.0
   Compiling glutin_wgl_sys v0.5.0
   Compiling aho-corasick v1.1.4
   Compiling owned_ttf_parser v0.25.1
   Compiling windows-sys v0.61.2
   Compiling ab_glyph v0.2.32
   Compiling unicode-segmentation v1.12.0
   Compiling cursor-icon v1.2.0
   Compiling utf8_iter v1.0.4
   Compiling regex v1.12.2
   Compiling smol_str v0.2.2
   Compiling shlex v1.3.0
   Compiling find-msvc-tools v0.1.4
   Compiling parse-zoneinfo v0.3.1
   Compiling percent-encoding v2.3.2
   Compiling form_urlencoded v1.2.2
   Compiling cc v1.2.44
   Compiling flate2 v1.1.5
   Compiling chrono-tz-build v0.2.1
   Compiling pxfm v0.1.25
   Compiling fdeflate v0.3.7
   Compiling memoffset v0.9.1
   Compiling windows-threading v0.1.0
   Compiling glutin v0.31.3
   Compiling synstructure v0.13.2
   Compiling windows-interface v0.48.0
   Compiling windows-implement v0.48.0
   Compiling pkg-config v0.3.32
   Compiling vcpkg v0.2.15
   Compiling static_assertions v1.1.0
   Compiling error-code v3.3.2
   Compiling thiserror v1.0.69
   Compiling thiserror v2.0.17
   Compiling clipboard-win v5.4.1
   Compiling toml v0.5.11
   Compiling chrono-tz v0.8.6
   Compiling windows v0.48.0
   Compiling png v0.18.0
   Compiling mime_guess2 v2.3.1
   Compiling glutin-winit v0.4.2
   Compiling libloading v0.8.9
   Compiling winapi v0.3.9
   Compiling libsqlite3-sys v0.28.0
   Compiling utf8parse v0.2.2
   Compiling byteorder-lite v0.1.0
   Compiling equivalent v1.0.2
   Compiling moxcms v0.7.9
   Compiling anstyle v1.0.13
   Compiling pin-project-lite v0.2.16
   Compiling once_cell_polyfill v1.70.2
   Compiling hashbrown v0.16.0
   Compiling serde_derive v1.0.228
   Compiling zerofrom-derive v0.1.6
   Compiling yoke-derive v0.8.1
   Compiling zerovec-derive v0.11.2
   Compiling displaydoc v0.2.5
   Compiling bytemuck_derive v1.10.2
   Compiling enumn v0.1.14
   Compiling windows-interface v0.59.3
   Compiling windows-implement v0.60.2
   Compiling thiserror-impl v2.0.17
   Compiling thiserror-impl v1.0.69
   Compiling indexmap v2.12.0
   Compiling anstyle-wincon v3.0.10
   Compiling windows-core v0.61.2
   Compiling enum-map-derive v0.17.0
   Compiling zerofrom v0.1.6
   Compiling bytemuck v1.24.0
   Compiling yoke v0.8.1
   Compiling winres v0.1.12
   Compiling windows-future v0.2.1
   Compiling zerovec v0.11.5
   Compiling zerotrie v0.2.3
   Compiling windows-collections v0.2.0
   Compiling windows-numerics v0.2.0
   Compiling anstyle-parse v0.2.7
   Compiling windows v0.61.3
   Compiling arboard v3.6.1
   Compiling winapi-util v0.1.11
   Compiling anstyle-query v1.1.4
   Compiling windows-result v0.1.2
   Compiling quick-xml v0.37.5
   Compiling tinystr v0.8.2
   Compiling potential_utf v0.1.4
   Compiling windows-version v0.1.7
   Compiling is_terminal_polyfill v1.70.2
   Compiling futures-core v0.3.31
   Compiling futures-io v0.3.31
   Compiling glow v0.13.1
   Compiling icu_collections v2.1.1
   Compiling icu_locale_core v2.1.1
   Compiling litrs v1.0.0
   Compiling mime v0.3.17
   Compiling serde_json v1.0.145
   Compiling colorchoice v1.0.4
   Compiling rfd v0.15.4
   Compiling image v0.25.8
   Compiling winnow v0.7.13
   Compiling fastrand v2.3.0
   Compiling option-ext v0.2.0
   Compiling toml_write v0.1.2
   Compiling icu_provider v2.1.1
   Compiling anyhow v1.0.100
   Compiling parking v2.2.1
   Compiling web-time v0.2.4
   Compiling icu_properties v2.1.1
   Compiling icu_normalizer v2.1.1
   Compiling futures-lite v2.6.1
   Compiling dirs-sys v0.4.1
   Compiling document-features v0.2.12
   Compiling anstream v0.6.21
   Compiling idna_adapter v1.2.1
   Compiling tauri-winrt-notification v0.7.2
   Compiling idna v1.1.0
   Compiling same-file v1.0.6
   Compiling windows-core v0.54.0
   Compiling rust-calendar v0.1.0 (C:\Users\Ken Boyle\OneDrive\Development\repos\rust-calendar)
   Compiling env_filter v0.1.4
   Compiling tokio-macros v2.6.0
   Compiling mio v1.1.0
   Compiling socket2 v0.6.1
   Compiling windows-sys v0.59.0
   Compiling accesskit v0.12.3
   Compiling emath v0.28.1
   Compiling chrono v0.4.42
   Compiling url v2.5.7
   Compiling hashbrown v0.14.5
   Compiling ecolor v0.28.1
   Compiling toml_datetime v0.6.11
   Compiling serde_spanned v0.6.9
   Compiling enum-map v2.7.3
   Compiling itoa v1.0.15
   Compiling epaint v0.28.1
   Compiling webbrowser v1.0.6
   Compiling toml_edit v0.22.27
   Compiling fallible-iterator v0.3.0
   Compiling accesskit_consumer v0.16.1
   Compiling hashlink v0.9.1
   Compiling jiff v0.2.15
   Compiling accesskit_windows v0.15.1
   Compiling lazy_static v1.5.0
   Compiling bytes v1.10.1
   Compiling ryu v1.0.20
   Compiling accesskit_winit v0.16.1
   Compiling fallible-streaming-iterator v0.1.9
   Compiling tokio v1.48.0
   Compiling windows v0.54.0
   Compiling walkdir v2.5.0
   Compiling egui v0.28.1
   Compiling toml v0.8.23
   Compiling notify-rust v4.11.7
   Compiling rrule v0.11.0
   Compiling directories v5.0.1
   Compiling ical v0.10.0
   Compiling env_logger v0.11.8
   Compiling rusqlite v0.31.0
   Compiling egui_glow v0.28.1
   Compiling egui-winit v0.28.1
   Compiling egui_extras v0.28.1
   Compiling eframe v0.28.1
    Finished `release` profile [optimized] target(s) in 2m 32s
